[00:01:08] [User Authenticator #3/INFO]: UUID of player AR_KevinKipz is 44409e4f-3ee9-4a87-ba4d-01b0fdc0c6c9
[00:01:08] [Server thread/INFO]: AR_KevinKipz[/10.0.0.50:63361] logged in with entity id 3267 at (90.77052091709793, 62.5, 53.93726987198192)
[00:01:08] [Server thread/INFO]: AR_KevinKipz joined the game
[00:01:22] [Server thread/INFO]: <x092> lokkat this pickaxe
[00:01:45] [Server thread/INFO]: <AR_KevinKipz> that is a good one
[00:01:48] [Server thread/INFO]: <x092> thx
[00:02:09] [Server thread/INFO]: <AR_KevinKipz> we just need best villegars
[00:02:15] [Server thread/INFO]: <x092> we have mending villagers
[00:02:17] [Server thread/INFO]: <x092> we have mending villagers
[00:02:19] [Server thread/INFO]: <x092> we have mending villager
[00:02:20] [Server thread/INFO]: <x092> we have mending villager
[00:02:21] [Server thread/INFO]: <x092> we have mending villager
[00:02:24] [Server thread/INFO]: <AR_KevinKipz> i will be leaving
[00:02:27] [Server thread/INFO]: <x092> wow ok
[00:02:37] [Server thread/INFO]: <AR_KevinKipz> used this for now
[00:02:45] [Server thread/INFO]: <x092> thxx
[00:03:03] [Server thread/INFO]: <x092> lil buddy was 6
[00:03:04] [Server thread/INFO]: <AR_KevinKipz> alright
[00:03:07] [Server thread/INFO]: <x092> took off his pants
[00:03:09] [Server thread/INFO]: <x092> lil buddy was 6
[00:03:10] [Server thread/INFO]: <x092> took off his pants
[00:03:50] [Server thread/INFO]: <AR_KevinKipz> what
[00:03:55] [Server thread/INFO]: <x092> no need
[00:04:04] [Server thread/INFO]: <x092> ima get off too anyways
[00:04:04] [Server thread/INFO]: <AR_KevinKipz> alright see u
[00:04:08] [Server thread/INFO]: <x092> cya
[00:04:14] [Server thread/INFO]: AR_KevinKipz lost connection: Disconnected
[00:04:14] [Server thread/INFO]: AR_KevinKipz left the game
[00:04:36] [User Authenticator #4/INFO]: UUID of player CentenV is 634e5edc-453d-4d0b-8532-5824c58e391c
[00:04:36] [Server thread/INFO]: CentenV[/166.137.107.229:32251] logged in with entity id 3938 at (43.647939672964206, 64.53584062504456, 53.672919792993746)
[00:04:36] [Server thread/INFO]: CentenV joined the game
[00:04:56] [Server thread/INFO]: <CentenV> yo
[00:05:39] [Server thread/INFO]: <x092> peter left like 5 seconds before u joined
[00:05:42] [Server thread/INFO]: <x092> on god
[00:05:52] [Server thread/INFO]: <x092> made a god pick
[00:05:57] [Server thread/INFO]: <CentenV> asians
[00:06:21] [Server thread/INFO]: <CentenV> i have the same just efficiency 4
[00:06:27] [Server thread/INFO]: <x092> yeah, sorry ur poor
[00:06:38] [Server thread/INFO]: <CentenV> D:
[00:06:46] [Server thread/INFO]: <x092> lil buddy was 6, took off his pants
[00:07:03] [Server thread/INFO]: <x092> ur ping bad
[00:07:07] [Server thread/INFO]: <CentenV> yeah
[00:07:11] [Server thread/INFO]: <CentenV> im plying off a hotspot rn
[00:07:13] [Server thread/INFO]: <CentenV> internet is down
[00:07:23] [Server thread/INFO]: <CentenV> its been down the whole day apparently
[00:07:38] [Server thread/INFO]: <x092> hmm ok
[00:08:53] [Server thread/WARN]: x092 moved too quickly! 0.029789791308317604,98.48362675744652,-0.01043940899766227
[00:09:40] [Server thread/INFO]: <CentenV> imma redesign out storage
[00:09:45] [Server thread/INFO]: <CentenV> its frustratingly cramped
[00:09:45] [Server thread/INFO]: <x092> ok begt'
[00:10:34] [Server thread/INFO]: <CentenV> playing on 20 fps is a humbling experience
[00:11:14] [Server thread/WARN]: Can't keep up! Is the server overloaded? Running 2004ms or 40 ticks behind
[00:13:06] [Server thread/WARN]: x092 moved too quickly! -0.006261423870412841,27.690527819593402,0.4858027296049414
[00:13:08] [Server thread/WARN]: x092 moved wrongly!
[00:19:00] [Server thread/INFO]: <CentenV> i just need a lot of deepslate
[00:20:01] [Server thread/WARN]: Mismatch in destroy block pos: gp{x=117, y=-57, z=15} gp{x=117, y=-57, z=17}
[00:20:21] [Server thread/WARN]: Mismatch in destroy block pos: gp{x=117, y=-58, z=57} gp{x=117, y=-58, z=58}
[00:21:19] [Server thread/WARN]: x092 moved too quickly! -0.03256091815443085,19.224121321096746,0.4986309845775736
[00:23:02] [Server thread/INFO]: <x092> sleep?
[00:23:30] [Server thread/INFO]: CentenV lost connection: Disconnected
[00:23:30] [Server thread/INFO]: CentenV left the game
[00:23:40] [User Authenticator #5/INFO]: UUID of player CentenV is 634e5edc-453d-4d0b-8532-5824c58e391c
[00:23:40] [Server thread/INFO]: CentenV[/166.137.107.229:17226] logged in with entity id 9788 at (82.05122886516145, 61.0, 52.30736533961553)
[00:23:40] [Server thread/INFO]: CentenV joined the game
[00:24:09] [Server thread/INFO]: CentenV was slain by Zombie
[00:24:36] [Server thread/INFO]: CentenV lost connection: Disconnected
[00:24:36] [Server thread/INFO]: CentenV left the game
[00:24:39] [User Authenticator #6/INFO]: UUID of player CentenV is 634e5edc-453d-4d0b-8532-5824c58e391c
[00:24:39] [Server thread/INFO]: CentenV[/166.137.107.229:29645] logged in with entity id 10014 at (82.05122886516145, 61.0, 52.30736533961553)
[00:24:39] [Server thread/INFO]: CentenV joined the game
[00:24:55] [Server thread/INFO]: <x092> u died to a zombie
[00:25:04] [Server thread/INFO]: <CentenV> i tried killing it
[00:25:08] [Server thread/INFO]: <CentenV> but i kept lagging in the same spot
[00:25:15] [Server thread/INFO]: <x092> no, u were just staring at ur bed lmfao
[00:25:26] [Server thread/INFO]: <CentenV> yeah
[00:25:30] [Server thread/INFO]: <CentenV> thats what i said
[00:26:03] [Server thread/WARN]: Can't keep up! Is the server overloaded? Running 2002ms or 40 ticks behind
[00:26:20] [Server thread/WARN]: Can't keep up! Is the server overloaded? Running 2795ms or 55 ticks behind
[00:26:41] [Server thread/WARN]: Can't keep up! Is the server overloaded? Running 5305ms or 106 ticks behind
[00:27:01] [Server thread/WARN]: Can't keep up! Is the server overloaded? Running 5576ms or 111 ticks behind
[00:27:22] [Server thread/WARN]: Can't keep up! Is the server overloaded? Running 5986ms or 119 ticks behind
[00:27:43] [Server thread/WARN]: Can't keep up! Is the server overloaded? Running 6297ms or 125 ticks behind
[00:28:05] [Server thread/WARN]: Can't keep up! Is the server overloaded? Running 6990ms or 139 ticks behind
[00:28:19] [Server thread/INFO]: <CentenV> oh
[00:28:24] [Server thread/INFO]: <CentenV> is this the lava pit u were talking about?
[00:28:27] [Server thread/WARN]: Can't keep up! Is the server overloaded? Running 6886ms or 137 ticks behind
[00:28:30] [Server thread/INFO]: <x092> yeah
[00:28:31] [Server thread/INFO]: CentenV has made the advancement [Hot Stuff]
[00:28:37] [Server thread/INFO]: <x092> i said i hoped no one was down there
[00:28:40] [Server thread/INFO]: <x092> its dangerous
[00:28:49] [Server thread/WARN]: Can't keep up! Is the server overloaded? Running 6435ms or 128 ticks behind
[00:28:53] [Server thread/INFO]: <x092> ur rubberbanding crazy
[00:28:56] [Server thread/INFO]: <CentenV> yeah
[00:29:03] [Server thread/INFO]: <x092> i put the stone in this chest under the Ores chest
[00:29:08] [Server thread/INFO]: x092 has made the advancement [Cover Me with Diamonds]
[00:29:08] [Server thread/INFO]: <CentenV> bet
[00:29:10] [Server thread/WARN]: Can't keep up! Is the server overloaded? Running 6039ms or 120 ticks behind
[00:29:12] [Server thread/INFO]: <CentenV> ill get to it at some point
[00:29:31] [Server thread/WARN]: Can't keep up! Is the server overloaded? Running 6495ms or 129 ticks behind
[00:29:53] [Server thread/WARN]: Can't keep up! Is the server overloaded? Running 6478ms or 129 ticks behind
[00:30:14] [Server thread/WARN]: Can't keep up! Is the server overloaded? Running 6635ms or 132 ticks behind
[00:30:36] [Server thread/WARN]: Can't keep up! Is the server overloaded? Running 6607ms or 132 ticks behind
[00:30:41] [Server thread/INFO]: <CentenV> lag is too bad
[00:30:44] [Server thread/INFO]: <CentenV> imma play later
[00:30:46] [Server thread/INFO]: CentenV lost connection: Disconnected
[00:30:46] [Server thread/INFO]: CentenV left the game
[00:30:57] [Server thread/WARN]: Can't keep up! Is the server overloaded? Running 6244ms or 124 ticks behind
[00:31:18] [Server thread/WARN]: Can't keep up! Is the server overloaded? Running 5817ms or 116 ticks behind
[00:31:39] [Server thread/WARN]: Can't keep up! Is the server overloaded? Running 5854ms or 117 ticks behind
[00:31:59] [Server thread/WARN]: Can't keep up! Is the server overloaded? Running 5867ms or 117 ticks behind
[00:32:20] [Server thread/WARN]: Can't keep up! Is the server overloaded? Running 5996ms or 119 ticks behind
[00:32:42] [Server thread/WARN]: Can't keep up! Is the server overloaded? Running 6359ms or 127 ticks behind
[00:33:03] [Server thread/WARN]: Can't keep up! Is the server overloaded? Running 6307ms or 126 ticks behind
[00:33:24] [Server thread/WARN]: Can't keep up! Is the server overloaded? Running 6092ms or 121 ticks behind
[00:33:45] [Server thread/WARN]: Can't keep up! Is the server overloaded? Running 5883ms or 117 ticks behind
[00:34:06] [Server thread/WARN]: Can't keep up! Is the server overloaded? Running 6382ms or 127 ticks behind
[00:34:27] [Server thread/WARN]: Can't keep up! Is the server overloaded? Running 6097ms or 121 ticks behind
[00:34:48] [Server thread/WARN]: Can't keep up! Is the server overloaded? Running 5883ms or 117 ticks behind
[00:35:10] [Server thread/WARN]: Can't keep up! Is the server overloaded? Running 6372ms or 127 ticks behind
[00:35:31] [Server thread/WARN]: Can't keep up! Is the server overloaded? Running 6901ms or 138 ticks behind
[00:35:53] [Server thread/WARN]: Can't keep up! Is the server overloaded? Running 6921ms or 138 ticks behind
[00:36:20] [Server thread/WARN]: Can't keep up! Is the server overloaded? Running 11883ms or 237 ticks behind
[00:36:50] [Server thread/WARN]: Can't keep up! Is the server overloaded? Running 15157ms or 303 ticks behind
[00:37:24] [Server thread/WARN]: Can't keep up! Is the server overloaded? Running 19062ms or 381 ticks behind
[00:37:57] [Server thread/WARN]: Can't keep up! Is the server overloaded? Running 17739ms or 354 ticks behind
[00:38:30] [Server thread/WARN]: Can't keep up! Is the server overloaded? Running 17836ms or 356 ticks behind
[00:39:03] [Server thread/WARN]: Can't keep up! Is the server overloaded? Running 17834ms or 356 ticks behind
[00:39:35] [Server thread/WARN]: Can't keep up! Is the server overloaded? Running 17376ms or 347 ticks behind
[00:40:06] [Server thread/WARN]: Can't keep up! Is the server overloaded? Running 15501ms or 310 ticks behind
[00:40:36] [Server thread/WARN]: Can't keep up! Is the server overloaded? Running 15503ms or 310 ticks behind
[00:40:37] [Server thread/WARN]: x092 moved too quickly! -0.17993296382447,-108.34674646822624,0.1529212807364786
[00:40:41] [Server thread/INFO]: x092 lost connection: Disconnected
[00:40:41] [Server thread/INFO]: x092 left the game
[00:41:05] [Server thread/WARN]: Can't keep up! Is the server overloaded? Running 14071ms or 281 ticks behind
[01:52:43] [User Authenticator #7/INFO]: UUID of player AR_KevinKipz is 44409e4f-3ee9-4a87-ba4d-01b0fdc0c6c9
[01:52:43] [Server thread/INFO]: AR_KevinKipz[/10.0.0.50:59478] logged in with entity id 14077 at (49.11581440974017, 63.0, 43.62082654710133)
[01:52:43] [Server thread/INFO]: AR_KevinKipz joined the game
[01:52:47] [Server thread/WARN]: Can't keep up! Is the server overloaded? Running 2015ms or 40 ticks behind
[01:53:17] [Server thread/WARN]: Can't keep up! Is the server overloaded? Running 15137ms or 302 ticks behind
[01:53:48] [Server thread/WARN]: Can't keep up! Is the server overloaded? Running 15605ms or 312 ticks behind
[01:54:18] [Server thread/WARN]: Can't keep up! Is the server overloaded? Running 15040ms or 300 ticks behind
[01:54:48] [Server thread/WARN]: Can't keep up! Is the server overloaded? Running 14879ms or 297 ticks behind
[01:55:17] [Server thread/WARN]: Can't keep up! Is the server overloaded? Running 14533ms or 290 ticks behind
[01:55:46] [Server thread/WARN]: Can't keep up! Is the server overloaded? Running 14347ms or 286 ticks behind
[01:56:15] [Server thread/WARN]: Can't keep up! Is the server overloaded? Running 14087ms or 281 ticks behind
[01:56:45] [Server thread/WARN]: Can't keep up! Is the server overloaded? Running 14506ms or 290 ticks behind
[01:57:14] [Server thread/WARN]: Can't keep up! Is the server overloaded? Running 14268ms or 285 ticks behind
[01:57:43] [Server thread/WARN]: Can't keep up! Is the server overloaded? Running 14211ms or 284 ticks behind
[01:58:13] [Server thread/WARN]: Can't keep up! Is the server overloaded? Running 14808ms or 296 ticks behind
[01:58:43] [Server thread/WARN]: Can't keep up! Is the server overloaded? Running 14767ms or 295 ticks behind
[01:59:13] [Server thread/WARN]: Can't keep up! Is the server overloaded? Running 14839ms or 296 ticks behind
[01:59:43] [Server thread/WARN]: Can't keep up! Is the server overloaded? Running 14823ms or 296 ticks behind
[02:00:12] [Server thread/WARN]: Can't keep up! Is the server overloaded? Running 14695ms or 293 ticks behind
[02:00:42] [Server thread/WARN]: Can't keep up! Is the server overloaded? Running 14849ms or 296 ticks behind
[02:01:12] [Server thread/WARN]: Can't keep up! Is the server overloaded? Running 15130ms or 302 ticks behind
[02:01:42] [Server thread/WARN]: Can't keep up! Is the server overloaded? Running 14893ms or 297 ticks behind
[02:02:12] [Server thread/WARN]: Can't keep up! Is the server overloaded? Running 15031ms or 300 ticks behind
[02:02:42] [Server thread/WARN]: Can't keep up! Is the server overloaded? Running 15240ms or 304 ticks behind
[02:03:12] [Server thread/WARN]: Can't keep up! Is the server overloaded? Running 14944ms or 298 ticks behind
[02:03:42] [Server thread/WARN]: Can't keep up! Is the server overloaded? Running 15114ms or 302 ticks behind
[02:04:12] [Server thread/WARN]: Can't keep up! Is the server overloaded? Running 15180ms or 303 ticks behind
[02:04:43] [Server thread/WARN]: Can't keep up! Is the server overloaded? Running 15384ms or 307 ticks behind
[02:05:13] [Server thread/WARN]: Can't keep up! Is the server overloaded? Running 15281ms or 305 ticks behind
[02:05:44] [Server thread/WARN]: Can't keep up! Is the server overloaded? Running 15907ms or 318 ticks behind
[02:06:15] [Server thread/WARN]: Can't keep up! Is the server overloaded? Running 15917ms or 318 ticks behind
[02:06:45] [Server thread/WARN]: Can't keep up! Is the server overloaded? Running 15053ms or 301 ticks behind
[02:07:16] [Server thread/WARN]: Can't keep up! Is the server overloaded? Running 15867ms or 317 ticks behind
[02:07:46] [Server thread/WARN]: Can't keep up! Is the server overloaded? Running 14986ms or 299 ticks behind
[02:08:16] [Server thread/WARN]: Can't keep up! Is the server overloaded? Running 15224ms or 304 ticks behind
[02:08:46] [Server thread/WARN]: Can't keep up! Is the server overloaded? Running 15552ms or 311 ticks behind
[02:09:18] [Server thread/WARN]: Can't keep up! Is the server overloaded? Running 16640ms or 332 ticks behind
[02:09:49] [Server thread/WARN]: Can't keep up! Is the server overloaded? Running 15762ms or 315 ticks behind
[02:10:19] [Server thread/WARN]: Can't keep up! Is the server overloaded? Running 15196ms or 303 ticks behind
[02:10:50] [Server thread/WARN]: Can't keep up! Is the server overloaded? Running 16002ms or 320 ticks behind
[02:11:22] [Server thread/WARN]: Can't keep up! Is the server overloaded? Running 16905ms or 338 ticks behind
[02:11:55] [Server thread/WARN]: Can't keep up! Is the server overloaded? Running 18054ms or 361 ticks behind
[02:12:26] [Server thread/WARN]: Can't keep up! Is the server overloaded? Running 15937ms or 318 ticks behind
[02:12:57] [Server thread/WARN]: Can't keep up! Is the server overloaded? Running 16611ms or 332 ticks behind
[02:13:29] [Server thread/WARN]: Can't keep up! Is the server overloaded? Running 16291ms or 325 ticks behind
[02:14:00] [Server thread/WARN]: Can't keep up! Is the server overloaded? Running 16296ms or 325 ticks behind
[02:14:22] [Server thread/INFO]: AR_KevinKipz has made the advancement [Best Friends Forever]
[02:14:31] [Server thread/WARN]: Can't keep up! Is the server overloaded? Running 15933ms or 318 ticks behind
[02:15:02] [Server thread/WARN]: Can't keep up! Is the server overloaded? Running 16410ms or 328 ticks behind
[02:15:33] [Server thread/WARN]: Can't keep up! Is the server overloaded? Running 16174ms or 323 ticks behind
[02:16:05] [Server thread/WARN]: Can't keep up! Is the server overloaded? Running 17088ms or 341 ticks behind
[02:16:36] [Server thread/WARN]: Can't keep up! Is the server overloaded? Running 16197ms or 323 ticks behind
[02:17:08] [Server thread/WARN]: Can't keep up! Is the server overloaded? Running 16169ms or 323 ticks behind
[02:17:38] [Server thread/WARN]: Can't keep up! Is the server overloaded? Running 15859ms or 317 ticks behind
[02:18:09] [Server thread/WARN]: Can't keep up! Is the server overloaded? Running 15856ms or 317 ticks behind
[02:18:40] [Server thread/WARN]: Can't keep up! Is the server overloaded? Running 16131ms or 322 ticks behind
[02:19:12] [Server thread/WARN]: Can't keep up! Is the server overloaded? Running 16482ms or 329 ticks behind
[02:19:44] [Server thread/WARN]: Can't keep up! Is the server overloaded? Running 16910ms or 338 ticks behind
[02:20:15] [Server thread/WARN]: Can't keep up! Is the server overloaded? Running 16605ms or 332 ticks behind
[02:20:47] [Server thread/WARN]: Can't keep up! Is the server overloaded? Running 16536ms or 330 ticks behind
[02:21:19] [Server thread/WARN]: Can't keep up! Is the server overloaded? Running 16715ms or 334 ticks behind
[02:21:50] [Server thread/WARN]: Can't keep up! Is the server overloaded? Running 16495ms or 329 ticks behind
[02:22:22] [Server thread/WARN]: Can't keep up! Is the server overloaded? Running 16703ms or 334 ticks behind
[02:22:22] [User Authenticator #8/INFO]: UUID of player CentenV is 634e5edc-453d-4d0b-8532-5824c58e391c
[02:22:22] [Server thread/INFO]: CentenV[/166.137.107.218:18201] logged in with entity id 19788 at (112.80285347710988, 63.0, 64.45034682166175)
[02:22:22] [Server thread/INFO]: CentenV joined the game
[02:22:55] [Server thread/WARN]: Can't keep up! Is the server overloaded? Running 18795ms or 375 ticks behind
[02:23:29] [Server thread/WARN]: Can't keep up! Is the server overloaded? Running 18693ms or 373 ticks behind
[02:23:38] [Server thread/INFO]: <CentenV> wya petah
[02:23:59] [Server thread/INFO]: <AR_KevinKipz> 144 65
[02:24:03] [Server thread/WARN]: Can't keep up! Is the server overloaded? Running 18759ms or 375 ticks behind
[02:24:08] [Server thread/INFO]: <AR_KevinKipz> im collecting some wood
[02:24:18] [Server thread/INFO]: <CentenV> morning wood
[02:24:24] [Server thread/INFO]: <AR_KevinKipz> yeah
[02:24:32] [Server thread/INFO]: <CentenV> do u know what that is
[02:24:36] [Server thread/WARN]: Can't keep up! Is the server overloaded? Running 18485ms or 369 ticks behind
[02:24:42] [Server thread/INFO]: <AR_KevinKipz> the building
[02:24:45] [Server thread/INFO]: <CentenV> and btw did u make mdj not an operator anymore?
[02:25:10] [Server thread/WARN]: Can't keep up! Is the server overloaded? Running 18381ms or 367 ticks behind
[02:25:23] [Server thread/INFO]: <AR_KevinKipz> no one was operator
[02:25:29] [Server thread/INFO]: <CentenV> so he was lying?
[02:25:43] [Server thread/INFO]: <AR_KevinKipz> yeah
[02:25:43] [Server thread/WARN]: Can't keep up! Is the server overloaded? Running 18260ms or 365 ticks behind
[02:26:17] [Server thread/WARN]: Can't keep up! Is the server overloaded? Running 18779ms or 375 ticks behind
[02:26:50] [Server thread/WARN]: Can't keep up! Is the server overloaded? Running 18856ms or 377 ticks behind
[02:26:59] [Server thread/INFO]: <AR_KevinKipz> where u at
[02:27:24] [Server thread/WARN]: Can't keep up! Is the server overloaded? Running 18066ms or 361 ticks behind
[02:27:56] [Server thread/INFO]: <AR_KevinKipz> u lagging like me
[02:27:56] [Server thread/WARN]: Can't keep up! Is the server overloaded? Running 17782ms or 355 ticks behind
[02:28:03] [Server thread/INFO]: <CentenV> a little bit
[02:28:29] [Server thread/WARN]: Can't keep up! Is the server overloaded? Running 18196ms or 363 ticks behind
[02:28:55] [Server thread/INFO]: <AR_KevinKipz> yeah
[02:29:03] [Server thread/WARN]: Can't keep up! Is the server overloaded? Running 18482ms or 369 ticks behind
[02:29:15] [Server thread/INFO]: <AR_KevinKipz> i dont know if its the server or my pc
[02:29:35] [Server thread/WARN]: Can't keep up! Is the server overloaded? Running 17505ms or 350 ticks behind
[02:30:08] [Server thread/WARN]: Can't keep up! Is the server overloaded? Running 17198ms or 343 ticks behind
[02:30:40] [Server thread/WARN]: Can't keep up! Is the server overloaded? Running 17492ms or 349 ticks behind
[02:31:06] [Server thread/INFO]: <AR_KevinKipz> lets sleep
[02:31:13] [Server thread/WARN]: Can't keep up! Is the server overloaded? Running 17995ms or 359 ticks behind
[02:31:14] [Server thread/INFO]: <CentenV> alrigh
[02:31:16] [Server thread/INFO]: <AR_KevinKipz> take one of the beds in the chest
[02:31:45] [Server thread/WARN]: Can't keep up! Is the server overloaded? Running 17297ms or 345 ticks behind
[02:32:00] [Server thread/INFO]: <AR_KevinKipz> u have a better sword
[02:32:03] [Server thread/INFO]: <CentenV> yeah
[02:32:17] [Server thread/WARN]: Can't keep up! Is the server overloaded? Running 17314ms or 346 ticks behind
[02:32:26] [Server thread/INFO]: <AR_KevinKipz> can i get, it, i will give it back
[02:32:32] [Server thread/INFO]: <CentenV> for what?
[02:32:38] [Server thread/INFO]: <AR_KevinKipz> levesl
[02:32:45] [Server thread/INFO]: <CentenV> for chickens?
[02:32:46] [Server thread/INFO]: <AR_KevinKipz> from chicken
[02:32:49] [Server thread/WARN]: Can't keep up! Is the server overloaded? Running 16687ms or 333 ticks behind
[02:32:51] [Server thread/INFO]: <CentenV> here
[02:32:58] [Server thread/INFO]: <CentenV> there should be a better sword somewhere her
[02:33:10] [Server thread/INFO]: <CentenV> idk where i put it
[02:33:22] [Server thread/WARN]: Can't keep up! Is the server overloaded? Running 17439ms or 348 ticks behind
[02:33:47] [Server thread/INFO]: <AR_KevinKipz> maybe mdj has it
[02:33:49] [Server thread/INFO]: <CentenV> idk where it went
[02:33:54] [Server thread/WARN]: Can't keep up! Is the server overloaded? Running 17387ms or 347 ticks behind
[02:33:56] [Server thread/INFO]: <CentenV> its an iron sword with sweeping edge 3
[02:34:20] [Server thread/INFO]: <AR_KevinKipz> no worries
[02:34:25] [Server thread/WARN]: Can't keep up! Is the server overloaded? Running 16635ms or 332 ticks behind
[02:34:35] [Server thread/INFO]: <CentenV> in this
[02:34:37] [Server thread/INFO]: <CentenV> che
[02:34:57] [Server thread/WARN]: Can't keep up! Is the server overloaded? Running 16420ms or 328 ticks behind
[02:35:03] [Server thread/INFO]: <AR_KevinKipz> my fps is 5
[02:35:11] [Server thread/INFO]: <CentenV> lmao
[02:35:20] [Server thread/WARN]: Can't keep up! Is the server overloaded? Running 7962ms or 159 ticks behind
[02:35:39] [Server thread/WARN]: Can't keep up! Is the server overloaded? Running 4388ms or 87 ticks behind
[02:35:57] [Server thread/WARN]: Can't keep up! Is the server overloaded? Running 2875ms or 57 ticks behind
[02:36:14] [Server thread/WARN]: Can't keep up! Is the server overloaded? Running 2257ms or 45 ticks behind
[02:36:31] [Server thread/WARN]: Can't keep up! Is the server overloaded? Running 2099ms or 41 ticks behind
[02:40:46] [Server thread/INFO]: <AR_KevinKipz> should we invite other people to play with
[02:40:51] [Server thread/INFO]: <CentenV> like who?
[02:40:57] [Server thread/INFO]: <CentenV> it feels chill with the both of us
[02:41:02] [Server thread/INFO]: <CentenV> and mdj
[02:41:16] [Server thread/INFO]: <AR_KevinKipz> every can invite one or two friends
[02:41:43] [Server thread/INFO]: <CentenV> ur choice
[02:41:48] [Server thread/INFO]: <CentenV> as long as they dont grief
[02:41:58] [Server thread/INFO]: <AR_KevinKipz> yeah
[02:42:15] [Server thread/INFO]: <AR_KevinKipz> lets talk about it in school tommot
[02:42:20] [Server thread/INFO]: <CentenV> alr
[02:42:21] [Server thread/INFO]: <AR_KevinKipz> tomorrow
[02:44:37] [Server thread/INFO]: CentenV lost connection: Disconnected
[02:44:37] [Server thread/INFO]: CentenV left the game
[02:45:48] [User Authenticator #9/INFO]: UUID of player CentenV is 634e5edc-453d-4d0b-8532-5824c58e391c
[02:45:48] [Server thread/INFO]: CentenV[/166.137.107.218:43291] logged in with entity id 26552 at (112.75711136775081, 62.0, 63.49810650542235)
[02:45:48] [Server thread/INFO]: CentenV joined the game
[02:48:30] [Server thread/INFO]: <CentenV> can we go find a jungle later?
[02:48:37] [Server thread/INFO]: <AR_KevinKipz> sure
[02:50:26] [Server thread/INFO]: <AR_KevinKipz> what kind of trade so the villages have
[02:50:35] [Server thread/INFO]: <CentenV> threes only one
[02:50:37] [Server thread/INFO]: <CentenV> with a mending trade
[02:50:42] [Server thread/INFO]: <CentenV> the others dont have professions yet
[02:50:47] [Server thread/INFO]: <CentenV> bc theyre gonna be the breeders
[02:54:11] [Server thread/INFO]: <CentenV> hol up
[02:54:14] [Server thread/INFO]: <CentenV> my internet went up
[02:54:18] [Server thread/INFO]: <CentenV> so imma shower and come back
[02:54:19] [Server thread/INFO]: CentenV lost connection: Disconnected
[02:54:19] [Server thread/INFO]: CentenV left the game
[03:08:34] [User Authenticator #10/INFO]: UUID of player CentenV is 634e5edc-453d-4d0b-8532-5824c58e391c
[03:08:34] [Server thread/INFO]: CentenV[/73.14.218.119:50270] logged in with entity id 30922 at (115.69999998807907, 61.0, 51.539605177805875)
[03:08:34] [Server thread/INFO]: CentenV joined the game
[03:08:48] [Server thread/INFO]: <AR_KevinKipz> is everythiny okey
[03:08:50] [Server thread/INFO]: <CentenV> yeah
[03:08:53] [Server thread/INFO]: <CentenV> i went to shower
[03:09:00] [Server thread/INFO]: <CentenV> the internet was down the whole day for my parents
[03:09:42] [Server thread/INFO]: <CentenV> u wanna go find a jungle?
[03:10:01] [Server thread/INFO]: <AR_KevinKipz> sure, lets sleep
[03:10:04] [Server thread/INFO]: <CentenV> ioght
[03:10:07] [Server thread/INFO]: <CentenV> lemme empy my inv
[03:10:33] [Server thread/INFO]: <CentenV> imma just dump everything into a chest
[03:10:37] [Server thread/INFO]: <CentenV> since ill reorganize them alter
[03:10:38] [Server thread/INFO]: <CentenV> later
[03:10:43] [Server thread/INFO]: <CentenV> cuz im expanding the storage
[03:11:15] [Server thread/INFO]: <AR_KevinKipz> u know how to make an automatic storage
[03:11:20] [Server thread/INFO]: <CentenV> no
[03:11:22] [Server thread/INFO]: <CentenV> we dont need to
[03:11:30] [Server thread/INFO]: <AR_KevinKipz> i need to find a way
[03:11:48] [Server thread/INFO]: <AR_KevinKipz> cause that would be easy
[03:11:59] [Server thread/INFO]: <CentenV> which way u think we should go?
[03:12:13] [Server thread/INFO]: <AR_KevinKipz> north
[03:12:19] [Server thread/INFO]: <CentenV> u think?
[03:12:25] [Server thread/INFO]: <CentenV> we havent gone wesst yet have we?
[03:12:40] [Server thread/INFO]: <CentenV> where was the stronghold?
[03:12:46] [Server thread/INFO]: <AR_KevinKipz> not sure
[03:12:58] [Server thread/INFO]: <AR_KevinKipz> i didn't go
[03:13:13] [Server thread/INFO]: <CentenV> lets just go north then
[03:13:20] [Server thread/INFO]: <AR_KevinKipz> alrigjht
[03:14:14] [Server thread/INFO]: <CentenV> u good?
[03:14:21] [Server thread/INFO]: <AR_KevinKipz> yeah
[03:14:28] [Server thread/INFO]: <AR_KevinKipz> need more food
[03:14:41] [Server thread/INFO]: <CentenV> peter do u know how the cows work?
[03:15:11] [Server thread/INFO]: <AR_KevinKipz> i think they died when they reach amount of number in a square
[03:15:14] [Server thread/INFO]: <CentenV> yeah
[03:15:18] [Server thread/INFO]: <CentenV> and we get the drops
[03:15:26] [Server thread/INFO]: <CentenV> u good on food or no?
[03:15:28] [Server thread/INFO]: <AR_KevinKipz> i have seen one with the chickens
[03:15:38] [Server thread/INFO]: <AR_KevinKipz> i might
[03:15:43] [Server thread/INFO]: <CentenV> alr i have a lot as well
[03:16:05] [Server thread/INFO]: <CentenV> there
[03:16:06] [Server thread/INFO]: <CentenV> lets go
[03:17:05] [Server thread/INFO]: <CentenV> do we need beds or no?
[03:17:18] [Server thread/INFO]: <AR_KevinKipz> here
[03:17:35] [Server thread/INFO]: <CentenV> i got one
[03:17:45] [Server thread/INFO]: <CentenV> thanks
[03:17:54] [Server thread/INFO]: <AR_KevinKipz> what level u have
[03:17:56] [Server thread/INFO]: <CentenV> 8
[03:18:12] [Server thread/INFO]: <CentenV> we go?
[03:18:15] [Server thread/INFO]: <AR_KevinKipz> let me enchant you items
[03:18:24] [Server thread/INFO]: <CentenV> my items are almost broken
[03:18:27] [Server thread/INFO]: <CentenV> its fine
[03:18:28] [Server thread/INFO]: <CentenV> ill live
[03:18:29] [Server thread/INFO]: <CentenV> lets go
[03:18:32] [Server thread/INFO]: <AR_KevinKipz> alright
[03:18:39] [Server thread/INFO]: <AR_KevinKipz> need bed
[03:18:43] [Server thread/INFO]: <CentenV> yeah get one
[03:18:45] [Server thread/INFO]: <CentenV> i have one already
[03:18:48] [Server thread/INFO]: <CentenV> i didnt know u needed one
[03:19:49] [Server thread/INFO]: <AR_KevinKipz> we should be using discord
[03:20:04] [Server thread/INFO]: <CentenV> yeah i can call of my phone
[03:20:13] [Server thread/INFO]: <CentenV> i dont ahve headphones plugged into this laptop
[03:20:17] [Server thread/INFO]: <AR_KevinKipz> my discord does not work
[03:20:30] [Server thread/INFO]: <CentenV> lmao then why did u say we should call
[03:20:46] [Server thread/INFO]: <AR_KevinKipz> i when someone calls me, it disconnets itself
[03:21:01] [Server thread/INFO]: <CentenV> hmm
[03:21:04] [Server thread/INFO]: <CentenV> idk
[03:21:19] [Server thread/INFO]: <AR_KevinKipz> got a map
[03:21:30] [Server thread/INFO]: <CentenV> lets find it
[03:21:41] [Server thread/INFO]: <CentenV> should i hol;d the map or do u wanna drive?
[03:22:24] [Server thread/INFO]: <AR_KevinKipz> i have use it once but its confusing
[03:23:30] [Server thread/INFO]: <CentenV> wtf
[03:23:35] [Server thread/INFO]: <CentenV> its in the middle of the water
[03:23:37] [Server thread/INFO]: <CentenV> forget it
[03:23:45] [Server thread/INFO]: <CentenV> we'll do it another time
[03:23:48] [Server thread/INFO]: <AR_KevinKipz> lets comefot it later
[03:23:50] [Server thread/INFO]: <CentenV> when we have better gear
[03:25:00] [Server thread/INFO]: <AR_KevinKipz> we have a dolvin
[03:26:47] [Server thread/INFO]: <CentenV> i got another map
[03:26:52] [Server thread/INFO]: <AR_KevinKipz> SAME
[03:27:04] [Server thread/INFO]: <CentenV> wait i think there was a lantern back there i wanna get
[03:27:42] [Server thread/INFO]: <CentenV> lets go
[03:28:07] [Server thread/INFO]: <AR_KevinKipz> TAKE THIS
[03:28:54] [Server thread/INFO]: <AR_KevinKipz> LEFT
[03:29:01] [Server thread/INFO]: <CentenV> mines here
[03:29:05] [Server thread/INFO]: <AR_KevinKipz> SAME
[03:29:53] [User Authenticator #11/INFO]: UUID of player x092 is bdd4b112-f71e-4ad4-9edb-d00627da930a
[03:29:54] [Server thread/INFO]: x092[/184.96.251.50:59242] logged in with entity id 38127 at (108.30000001192093, 63.0, 52.13749998807907)
[03:29:54] [Server thread/INFO]: x092 joined the game
[03:29:57] [Server thread/INFO]: <CentenV> lemme see ur map peter
[03:30:03] [Server thread/WARN]: Can't keep up! Is the server overloaded? Running 2427ms or 48 ticks behind
[03:30:29] [Server thread/INFO]: <x092> how is ram usage
[03:30:39] [Server thread/INFO]: <AR_KevinKipz> 10
[03:30:53] [Server thread/INFO]: <x092> 10gb out of what
[03:31:11] [Server thread/INFO]: <AR_KevinKipz> HERE
[03:31:24] [Server thread/INFO]: <CentenV> hmm they are the same
[03:31:34] [Server thread/INFO]: <x092> yall looking for treasure chests?
[03:31:41] [Server thread/INFO]: <CentenV> yeah
[03:31:43] [Server thread/INFO]: <AR_KevinKipz> YEAH
[03:31:47] [Server thread/INFO]: <CentenV> we were exploring
[03:31:48] [Server thread/INFO]: <CentenV> for a jungle
[03:31:54] [Server thread/INFO]: <x092> nice, good luck
[03:31:59] [Server thread/INFO]: <CentenV> which directiojn is the stronghold?
[03:32:54] [Server thread/INFO]: <x092> near 1100 1800. i built a huge tower so u can see it. its next to a pillager outpost
[03:33:03] [Server thread/INFO]: <x092> it drops into a water block so u can drop right down
[03:33:21] [Server thread/INFO]: <x092> did u find a jungle
[03:33:22] [Server thread/INFO]: <CentenV> peter im about ready to give up
[03:33:32] [Server thread/INFO]: <CentenV> nah we digging rn for the treasure chest
[03:33:58] [Server thread/INFO]: <x092> ok bet. what do we need from jungle? jungle sapling, coco and bamboo? thats it?
[03:34:02] [Server thread/INFO]: <CentenV> yeah
[03:34:12] [Server thread/INFO]: <x092> ok ill get on it
[03:34:20] [Server thread/WARN]: x092 moved too quickly! 0.06358132294266738,13.844862627847348,-0.23594719226687744
[03:34:23] [Server thread/INFO]: <CentenV> i mean that waht we're doing rn
[03:34:24] [Server thread/WARN]: x092 moved too quickly! 0.28220798947012327,15.878158649259142,-1.0052952454490196
[03:34:51] [Server thread/WARN]: x092 moved too quickly! 0.6513797757522752,14.251863478743743,0.039738288854550774
[03:35:12] [Server thread/WARN]: Can't keep up! Is the server overloaded? Running 18567ms or 371 ticks behind
[03:35:13] [Server thread/WARN]: x092 moved too quickly! 6.403111300606952,-8.865752370047609,0.6347451333340359
[03:35:13] [Server thread/WARN]: Mismatch in destroy block pos: gp{x=-63, y=58, z=-1045} gp{x=-64, y=58, z=-1043}
[03:35:13] [Server thread/WARN]: Mismatch in destroy block pos: gp{x=-64, y=59, z=-1045} gp{x=-64, y=58, z=-1043}
[03:35:13] [Server thread/WARN]: Mismatch in destroy block pos: gp{x=-64, y=58, z=-1045} gp{x=-64, y=58, z=-1043}
[03:35:13] [Server thread/WARN]: Mismatch in destroy block pos: gp{x=-64, y=57, z=-1045} gp{x=-64, y=58, z=-1043}
[03:35:13] [Server thread/WARN]: Mismatch in destroy block pos: gp{x=-63, y=58, z=-1046} gp{x=-64, y=57, z=-1046}
[03:35:13] [Server thread/WARN]: Mismatch in destroy block pos: gp{x=-65, y=58, z=-1046} gp{x=-65, y=58, z=-1047}
[03:35:13] [Server thread/WARN]: Mismatch in destroy block pos: gp{x=-65, y=58, z=-1045} gp{x=-66, y=58, z=-1046}
[03:35:13] [Server thread/WARN]: Mismatch in destroy block pos: gp{x=-65, y=59, z=-1045} gp{x=-66, y=58, z=-1046}
[03:35:13] [Server thread/WARN]: Mismatch in destroy block pos: gp{x=-66, y=59, z=-1045} gp{x=-66, y=58, z=-1046}
[03:35:13] [Server thread/WARN]: Mismatch in destroy block pos: gp{x=-66, y=60, z=-1047} gp{x=-65, y=60, z=-1048}
[03:35:13] [Server thread/WARN]: Mismatch in destroy block pos: gp{x=-65, y=60, z=-1046} gp{x=-65, y=60, z=-1048}
[03:35:13] [Server thread/WARN]: Mismatch in destroy block pos: gp{x=-66, y=60, z=-1046} gp{x=-65, y=60, z=-1048}
[03:35:13] [Server thread/WARN]: Mismatch in destroy block pos: gp{x=-67, y=60, z=-1046} gp{x=-65, y=60, z=-1048}
[03:35:13] [Server thread/WARN]: Mismatch in destroy block pos: gp{x=-68, y=60, z=-1046} gp{x=-67, y=61, z=-1046}
[03:35:13] [Server thread/WARN]: Mismatch in destroy block pos: gp{x=-66, y=60, z=-1045} gp{x=-67, y=61, z=-1046}
[03:35:13] [Server thread/WARN]: Mismatch in destroy block pos: gp{x=-67, y=60, z=-1045} gp{x=-67, y=61, z=-1046}
[03:35:13] [Server thread/WARN]: Mismatch in destroy block pos: gp{x=-67, y=60, z=-1044} gp{x=-67, y=61, z=-1046}
[03:35:13] [Server thread/WARN]: Mismatch in destroy block pos: gp{x=-67, y=59, z=-1045} gp{x=-67, y=61, z=-1046}
[03:35:13] [Server thread/WARN]: Mismatch in destroy block pos: gp{x=-67, y=59, z=-1046} gp{x=-67, y=61, z=-1046}
[03:35:13] [Server thread/WARN]: Mismatch in destroy block pos: gp{x=-68, y=59, z=-1046} gp{x=-67, y=61, z=-1046}
[03:35:13] [Server thread/WARN]: Mismatch in destroy block pos: gp{x=-66, y=59, z=-1047} gp{x=-67, y=61, z=-1046}
[03:35:13] [Server thread/WARN]: Mismatch in destroy block pos: gp{x=-67, y=59, z=-1047} gp{x=-67, y=61, z=-1046}
[03:35:13] [Server thread/WARN]: Mismatch in destroy block pos: gp{x=-66, y=59, z=-1048} gp{x=-67, y=61, z=-1046}
[03:35:13] [Server thread/WARN]: Mismatch in destroy block pos: gp{x=-67, y=59, z=-1048} gp{x=-67, y=61, z=-1046}
[03:35:13] [Server thread/WARN]: Mismatch in destroy block pos: gp{x=-68, y=59, z=-1047} gp{x=-67, y=61, z=-1046}
[03:35:13] [Server thread/WARN]: Mismatch in destroy block pos: gp{x=-63, y=59, z=-1041} gp{x=-64, y=59, z=-1041}
[03:35:14] [Server thread/WARN]: x092 moved too quickly! 0.0,19.09474768839702,0.0
[03:35:25] [Server thread/INFO]: <AR_KevinKipz> it just lagged me
[03:35:27] [Server thread/INFO]: <CentenV> me too
[03:35:30] [Server thread/INFO]: <x092> its a collobaritive effort
[03:35:36] [Server thread/INFO]: <CentenV> ight bet then
[03:35:52] [Server thread/INFO]: <CentenV> we at -60 -1050
[03:35:53] [Server thread/WARN]: Mismatch in destroy block pos: gp{x=854, y=75, z=-780} gp{x=854, y=76, z=-780}
[03:35:58] [Server thread/INFO]: <x092> ok
[03:36:18] [Server thread/INFO]: <x092> ur west of me
[03:36:23] [Server thread/INFO]: <x092> come straight east for a jungle
[03:36:30] [Server thread/INFO]: <x092> follow the coast east
[03:36:30] [Server thread/INFO]: <CentenV> u at a jungle?
[03:36:32] [Server thread/INFO]: <x092> yes
[03:36:45] [Server thread/INFO]: <x092> or u can go home cuz im here already collecting stuff
[03:36:50] [Server thread/INFO]: <CentenV> and u knew this this whole time?
[03:37:00] [Server thread/INFO]: <x092> yeah but no one asked me
[03:37:08] [Server thread/INFO]: <CentenV> fuck sakes
[03:37:09] [Server thread/INFO]: <CentenV> peter
[03:37:13] [Server thread/INFO]: <CentenV> lets just abandon this
[03:38:22] [Server thread/WARN]: x092 moved too quickly! 0.0,-10.781720591439061,0.0
[03:38:35] [Server thread/INFO]: <AR_KevinKipz> are we going back
[03:38:39] [Server thread/WARN]: x092 moved too quickly! -0.2618602926388576,21.494937273497797,-0.4888704206487091
[03:38:43] [Server thread/INFO]: <CentenV> no apparently theres a jungle east of us
[03:38:45] [Server thread/INFO]: <x092> AND i found watermelon, nice
[03:39:04] [Server thread/INFO]: <x092> and coco. ok im going home
[03:39:47] [Server thread/WARN]: x092 moved too quickly! -2.687108397907025,14.75773812891839,3.5070072398888215
[03:40:44] [Server thread/INFO]: CentenV has made the advancement [Who is Cutting Onions?]
[03:41:28] [Server thread/INFO]: <CentenV> did u get bamboo?
[03:41:30] [Server thread/INFO]: <x092> yep
[03:41:32] [Server thread/INFO]: <AR_KevinKipz> yeah
[03:41:38] [Server thread/INFO]: <CentenV> alr lets keep exploring then peter
[03:41:45] [Server thread/INFO]: <x092> what u explorin now
[03:41:49] [Server thread/INFO]: <CentenV> anything
[03:41:54] [Server thread/INFO]: <CentenV> gotta have fun
[03:42:01] [Server thread/INFO]: <AR_KevinKipz> nope
[03:42:08] [Server thread/INFO]: <CentenV> D:
[03:42:08] [Server thread/INFO]: <AR_KevinKipz> watermelones
[03:42:09] [Server thread/INFO]: <x092> ok bet where yall at now
[03:42:18] [Server thread/INFO]: <CentenV> shore
[03:42:22] [Server thread/INFO]: <x092> :|
[03:42:45] [Server thread/INFO]: <AR_KevinKipz> where u at
[03:42:56] [Server thread/INFO]: <x092> i asked yall
[03:43:11] [Server thread/INFO]: <AR_KevinKipz> sleep
[03:43:11] [Server thread/INFO]: <CentenV> whats on the other side of the jungle
[03:43:14] [Server thread/INFO]: <CentenV> like more north?
[03:43:40] [Server thread/INFO]: <x092> i never went that far north, why?
[03:44:08] [Server thread/INFO]: <x092> tbh it stretchs pretty far
[03:44:13] [Server thread/INFO]: <CentenV> are u sure u upgraded the ram peter?
[03:44:14] [Server thread/INFO]: <x092> its quite a vertical jungle
[03:44:28] [Server thread/INFO]: <CentenV> yeah im using the river
[03:45:14] [Server thread/WARN]: x092 moved too quickly! 0.3000666250517412,39.44042444134389,-0.19995608625909966
[03:45:19] [Server thread/WARN]: x092 moved too quickly! 0.4888095880314154,25.052034808166283,-0.7293220528032691
[03:45:25] [Server thread/WARN]: x092 moved too quickly! 0.5786820916797524,12.428935658997688,-0.44935023316151046
[03:45:39] [Server thread/INFO]: <CentenV> theres a lukewarm ocean
[03:45:44] [Server thread/INFO]: <CentenV> so there could be coral here
[03:45:59] [Server thread/INFO]: <x092> do the thug shaker
[03:47:24] [Server thread/INFO]: <x092> u really left my boy peetah alone huh?
[03:47:30] [Server thread/INFO]: <x092> shame on u
[03:47:37] [Server thread/INFO]: <AR_KevinKipz> i was wondering
[03:47:44] [Server thread/INFO]: <x092> he was wondering too
[03:48:06] [Server thread/INFO]: <x092> petter do the thug shaker
[03:48:06] [Server thread/INFO]: <AR_KevinKipz> i creeper killed a bird i was trying to tamre
[03:48:12] [Server thread/INFO]: <AR_KevinKipz> tame
[03:49:56] [Server thread/INFO]: <AR_KevinKipz> where u guys at
[03:50:02] [Server thread/INFO]: <x092> im next to u......
[03:50:13] [Server thread/INFO]: <CentenV> i ran away
[03:50:28] [Server thread/INFO]: <CentenV> im in the ocean at -3k
[03:50:32] [Server thread/INFO]: <CentenV> z
[03:50:38] [Server thread/INFO]: <x092> jeeeez
[03:50:42] [Server thread/INFO]: <x092> we at 1000 -900
[03:50:48] [Server thread/INFO]: <CentenV> im bench marking peters server
[03:51:31] [Server thread/INFO]: <AR_KevinKipz> where u wanna go
[03:52:12] [Server thread/INFO]: <CentenV> if i die im dead
[03:52:19] [Server thread/INFO]: <x092> logical
[03:52:58] [Server thread/INFO]: <x092> KIPROTICH
[03:53:05] [Server thread/INFO]: <AR_KevinKipz> that was a mistake
[03:53:09] [Server thread/INFO]: <x092> oh ok
[03:53:28] [Server thread/INFO]: <x092> peter why u are breaking grasses for seeds....
[03:53:55] [Server thread/INFO]: <AR_KevinKipz> cause i need to find a bird
[03:54:13] [Server thread/INFO]: <CentenV> we have potatoes at home right?
[03:54:17] [Server thread/INFO]: <x092> yreahhh
[03:54:22] [Server thread/INFO]: <x092> a couple
[03:54:26] [Server thread/INFO]: <AR_KevinKipz> yeah
[03:55:07] [Server thread/INFO]: <x092> yo peter we still ditching tmrw right
[03:55:22] [Server thread/INFO]: <AR_KevinKipz> not sure
[03:55:43] [Server thread/INFO]: <x092> vincent come ditch with us. we finna get attendance from the product design dude and leave
[03:55:55] [Server thread/INFO]: <CentenV> atp isnt the doors locked
[03:56:03] [Server thread/INFO]: <CentenV> and the only way out is the front desk?
[03:56:22] [Server thread/INFO]: <x092> right so we just say that we stayed behind the the 1st period to finish up some work
[03:56:27] [Server thread/INFO]: <AR_KevinKipz> u have iron
[03:56:30] [Server thread/INFO]: <x092> like to finish up a data science project
[03:56:41] [Server thread/INFO]: <x092> no peter
[03:56:52] [Server thread/INFO]: <CentenV> i gotta meet with my new team as well tho
[03:56:55] [Server thread/INFO]: <CentenV> and get some things done
[03:57:11] [Server thread/INFO]: <x092> vincent, for example, peter and i stayed till 3:30 one time, and left super late, they didnt bat an eye. no one really talked to us
[03:57:18] [Server thread/INFO]: <x092> but ok
[03:57:20] [Server thread/INFO]: <CentenV> cuz thats after school
[03:57:33] [Server thread/INFO]: <CentenV> they lock doors during the class period
[03:57:45] [Server thread/INFO]: <x092> yeah but we can easily use the same strategy. say we finished at 11;45 and we ditch at 12;15. super believable
[03:58:05] [Server thread/INFO]: <CentenV> either way i got shi to do with my two teams now
[03:58:08] [Server thread/INFO]: <x092> 30 minutes to stay behind and get a project done in data science
[03:58:15] [Server thread/INFO]: <x092> yeah i know now, but just sayinn
[03:58:20] [Server thread/INFO]: <CentenV> yeah
[03:58:42] [Server thread/INFO]: <x092> peter turn off ur hacks
[03:58:57] [Server thread/INFO]: <x092> dolphins grace aint that fast
[03:59:27] [Server thread/INFO]: <x092> peter survival island
[03:59:41] [Server thread/INFO]: <x092> tree, sugar cane, what more do u need
[03:59:49] [Server thread/INFO]: <AR_KevinKipz> where should we go
[03:59:53] [Server thread/INFO]: <CentenV> happiness
[04:00:02] [Server thread/INFO]: <x092> lol
[04:00:04] [Server thread/INFO]: <x092> southwest peter
[04:00:37] [Server thread/INFO]: <AR_KevinKipz> where is south
[04:00:52] [Server thread/INFO]: <x092> F3 peter, f3
[04:01:04] [Server thread/INFO]: <x092> 3 underneath the coordinates
[04:01:13] [Server thread/INFO]: <AR_KevinKipz> it does not show south
[04:01:22] [Server thread/INFO]: <x092> bro got the ohio version
[04:01:43] [Server thread/INFO]: <AR_KevinKipz> i can only see west and esat
[04:02:27] [Server thread/INFO]: <CentenV> im gonna die waiting for the world to generate
[04:02:36] [Server thread/INFO]: <AR_KevinKipz> same
[04:02:54] [Server thread/INFO]: <AR_KevinKipz> vin where u at
[04:03:05] [Server thread/INFO]: <CentenV> 300 -5000
[04:03:16] [Server thread/INFO]: <x092> bro is columbus
[04:03:28] [Server thread/INFO]: <CentenV> atp i might as well start minecraft from scratch again
[04:03:38] [Server thread/INFO]: <x092> bro is next to a birch forest
[04:03:48] [Server thread/INFO]: <CentenV> oml u got the seed finder pulled up
[04:03:50] [Server thread/INFO]: <x092> bro is in a river
[04:03:52] [Server thread/INFO]: <CentenV> seed biome finder
[04:03:57] [Server thread/INFO]: <x092> bro is sentient
[04:04:29] [Server thread/INFO]: <x092> bro just got doxxed in a videogame
[04:04:43] [Server thread/INFO]: <CentenV> where am i now
[04:04:53] [Server thread/INFO]: <x092> bro thinks im the akinator
[04:05:14] [Server thread/INFO]: <x092> i have no clue
[04:06:28] [Server thread/INFO]: <x092> i have the old sound pack from alpha installed, and the player hurt noises and creeper explosions are fucking blisssss
[04:07:04] [Server thread/INFO]: <CentenV> ight imma prolly head out for the night
[04:07:05] [Server thread/INFO]: CentenV lost connection: Disconnected
[04:07:05] [Server thread/INFO]: CentenV left the game
[04:07:30] [Server thread/INFO]: <x092> omggg
[04:10:28] [Server thread/INFO]: <x092> peter we need 35-ish hoppers
[04:10:36] [Server thread/INFO]: <AR_KevinKipz> alright
[04:10:56] [Server thread/INFO]: <x092> we will replace the floor in the chicken farm with HOPPERS so the eggs are automatically picked up
[04:11:04] [Server thread/INFO]: <x092> but that will be implemented later
[04:11:10] [Server thread/INFO]: <x092> we will replace the floor in the chicken farm with HOPPERS so the eggs are automatically picked up
[04:11:10] [Server thread/INFO]: <x092> we will replace the floor in the chicken farm with HOPPERS so the eggs are automatically picked up
[04:11:11] [Server thread/INFO]: <x092> we will replace the floor in the chicken farm with HOPPERS so the eggs are automatically picked up
[04:11:11] [Server thread/INFO]: <x092> we will replace the floor in the chicken farm with HOPPERS so the eggs are automatically picked up
[04:11:12] [Server thread/INFO]: <x092> we will replace the floor in the chicken farm with HOPPERS so the eggs are automatically picked up
[04:11:12] [Server thread/INFO]: <x092> we will replace the floor in the chicken farm with HOPPERS so the eggs are automatically picked up
[04:11:13] [Server thread/INFO]: <x092> we will replace the floor in the chicken farm with HOPPERS so the eggs are automatically picked up
[04:11:24] [Server thread/INFO]: <AR_KevinKipz> how do i make cookies
[04:11:30] [Server thread/INFO]: <x092> wheat and Cocoa
[04:11:59] [Server thread/INFO]: <x092> ok good night peter
[04:12:08] [Server thread/INFO]: <AR_KevinKipz> see u tommor
[04:12:13] [Server thread/INFO]: <x092> we ditching
[04:12:16] [Server thread/INFO]: <x092> just remember that
[04:12:17] [Server thread/INFO]: <x092> we ditching
[04:12:18] [Server thread/INFO]: <x092> just remember that
[04:12:19] [Server thread/INFO]: <AR_KevinKipz> i will have cookies ready
[04:12:22] [Server thread/INFO]: <x092> we ditching
[04:12:22] [Server thread/INFO]: <x092> just remember that
[04:12:24] [Server thread/INFO]: <x092> we ditching
[04:12:25] [Server thread/INFO]: <x092> just remember that
[04:12:26] [Server thread/INFO]: x092 lost connection: Disconnected
[04:12:26] [Server thread/INFO]: x092 left the game
[04:12:31] [Server thread/INFO]: <AR_KevinKipz> i see
[04:35:20] [Server thread/INFO]: AR_KevinKipz lost connection: Disconnected
[04:35:20] [Server thread/INFO]: AR_KevinKipz left the game
[16:13:16] [User Authenticator #12/INFO]: UUID of player x092 is bdd4b112-f71e-4ad4-9edb-d00627da930a
[16:13:16] [Server thread/INFO]: x092[/37.19.199.140:37176] logged in with entity id 81681 at (101.88159872086885, 63.0, 54.171775630488305)
[16:13:16] [Server thread/INFO]: x092 joined the game
[16:16:28] [Server thread/INFO]: x092 lost connection: Disconnected
[16:16:28] [Server thread/INFO]: x092 left the game
[18:11:52] [User Authenticator #13/INFO]: UUID of player CentenV is 634e5edc-453d-4d0b-8532-5824c58e391c
[18:11:52] [Server thread/INFO]: CentenV[/107.127.38.97:41433] logged in with entity id 82482 at (305.319746741265, 62.07326432466506, -6146.745307189298)
[18:11:52] [Server thread/INFO]: CentenV joined the game
[18:12:20] [Server thread/WARN]: Boat (vehicle of CentenV) moved wrongly! 0.5031359368340418
[18:12:20] [Server thread/WARN]: Boat (vehicle of CentenV) moved wrongly! 0.4551134726825694
[18:19:27] [User Authenticator #14/INFO]: UUID of player x092 is bdd4b112-f71e-4ad4-9edb-d00627da930a
[18:19:27] [Server thread/INFO]: x092[/37.19.199.140:51958] logged in with entity id 86818 at (83.50313172719142, 63.0, 99.42550272642686)
[18:19:27] [Server thread/INFO]: x092 joined the game
[18:20:18] [Server thread/INFO]: <x092> are u still stuck far out?
[18:20:39] [Server thread/INFO]: <x092> type in chat
[18:20:53] [Server thread/WARN]: x092 moved too quickly! 9.260582913588763,-1.252203340253729,-3.819182474227901
[18:20:57] [Server thread/WARN]: x092 moved too quickly! 10.15920116610529,0.0,-1.2078675957087768
[18:20:57] [Server thread/WARN]: Can't keep up! Is the server overloaded? Running 3226ms or 64 ticks behind
[18:22:03] [Server thread/INFO]: CentenV lost connection: Disconnected
[18:22:03] [Server thread/INFO]: CentenV left the game
[18:22:49] [Server thread/INFO]: x092 lost connection: Disconnected
[18:22:49] [Server thread/INFO]: x092 left the game
[18:24:33] [User Authenticator #15/INFO]: UUID of player x092 is bdd4b112-f71e-4ad4-9edb-d00627da930a
[18:24:34] [Server thread/INFO]: x092[/37.19.199.140:40572] logged in with entity id 88449 at (84.62772966313645, 61.0, 52.69999998807907)
[18:24:34] [Server thread/INFO]: x092 joined the game
[18:28:42] [User Authenticator #16/INFO]: UUID of player AR_KevinKipz is 44409e4f-3ee9-4a87-ba4d-01b0fdc0c6c9
[18:28:43] [Server thread/INFO]: AR_KevinKipz[/89.187.179.57:34362] logged in with entity id 89207 at (83.70261507164835, 61.0, 52.69999998807907)
[18:28:43] [Server thread/INFO]: AR_KevinKipz joined the game
[18:31:34] [Server thread/INFO]: x092 lost connection: Timed out
[18:31:34] [Server thread/INFO]: x092 left the game
[18:32:58] [Server thread/INFO]: AR_KevinKipz lost connection: Timed out
[18:32:58] [Server thread/INFO]: AR_KevinKipz left the game
